<?xml version="1.0" encoding="UTF-8"?>
<!-- Generated by org.testng.reporters.JUnitReportReporter -->
<testsuite hostname="LAPTOP-Sachein" failures="0" tests="1" name="enginecomponent.Base" time="4.360" errors="0" timestamp="2023-05-31T15:26:36 IST" skipped="0">
  <testcase classname="enginecomponent.Base" name="beforeTest" time="4.360"/>
  <system-out/>
</testsuite> <!-- enginecomponent.Base -->
