<?xml version="1.0" encoding="UTF-8"?>
<!-- Generated by org.testng.reporters.JUnitReportReporter -->
<testsuite hostname="LAPTOP-Sachein" failures="0" tests="8" name="testcomponent.RegressionTesting" time="344.956" errors="0" timestamp="2023-06-05T12:29:32 IST" skipped="0">
  <testcase classname="testcomponent.RegressionTesting" name="testcase05" time="135.055"/>
  <system-out/>
  <testcase classname="testcomponent.RegressionTesting" name="testcase06" time="22.127"/>
  <system-out/>
  <testcase classname="testcomponent.RegressionTesting" name="testcase08" time="46.247"/>
  <system-out/>
  <testcase classname="testcomponent.RegressionTesting" name="testcase03" time="42.381"/>
  <system-out/>
  <testcase classname="testcomponent.RegressionTesting" name="testcase01" time="14.122"/>
  <system-out/>
  <testcase classname="testcomponent.RegressionTesting" name="testcase02" time="17.123"/>
  <system-out/>
  <testcase classname="testcomponent.RegressionTesting" name="testcase07" time="23.514"/>
  <system-out/>
  <testcase classname="testcomponent.RegressionTesting" name="testcase04" time="44.387"/>
  <system-out/>
</testsuite> <!-- testcomponent.RegressionTesting -->
